#
# A fatal error has been detected by the Java Runtime Environment:
#
#  EXCEPTION_UNCAUGHT_CXX_EXCEPTION (0xe06d7363) at pc=0x00007fff5d53fe3c, pid=24364, tid=14324
#
# JRE version: Java(TM) SE Runtime Environment (23.0.1+11) (build 23.0.1+11-39)
# Java VM: Java HotSpot(TM) 64-Bit Server VM (23.0.1+11-39, mixed mode, sharing, tiered, compressed oops, compressed class ptrs, g1 gc, windows-amd64)
# Problematic frame:
# C  [KERNELBASE.dll+0x5fe3c]
#
# No core dump will be written. Minidumps are not enabled by default on client versions of Windows
#
# If you would like to submit a bug report, please visit:
#   https://bugreport.java.com/bugreport/crash.jsp
# The crash happened outside the Java Virtual Machine in native code.
# See problematic frame for where to report the bug.
#

---------------  S U M M A R Y ------------

Command Line: -Duser.language=English -Duser.country=India 

Host: 12th Gen Intel(R) Core(TM) i5-1235U, 12 cores, 15G,  Windows 11 , 64 bit Build 22621 (10.0.22621.4830)
Time: Tue Mar  4 22:16:53 2025 India Standard Time elapsed time: 3.952242 seconds (0d 0h 0m 3s)

---------------  T H R E A D  ---------------

Current thread (0x000001e91bc08a70):  JavaThread "main"             [_thread_in_native, id=14324, stack(0x000000e342400000,0x000000e3425f0000) (1984K)]

Stack: [0x000000e342400000,0x000000e3425f0000],  sp=0x000000e3425e8c50,  free space=1955k
Native frames: (J=compiled Java code, j=interpreted, Vv=VM code, C=native code)
C  [KERNELBASE.dll+0x5fe3c]  (no source info available)
C  [VCRUNTIME140_1.dll+0x2793]  (no source info available)
C  [ntdll.dll+0xa4cb6]  (no source info available)
C  [_jpype.cp311-win_amd64.pyd+0x3c655]  (no source info available)
C  [_jpype.cp311-win_amd64.pyd+0x3ced2]  (no source info available)
C  [_jpype.cp311-win_amd64.pyd+0x2be1b]  (no source info available)
C